<?xml version="1.0" encoding="UTF-8"?>
<robot generator="Robot 3.1.2 (Python 3.6.5 on win32)" generated="20191120 15:50:01.183" rpa="false">
<suite id="s1" name="APITests" source="C:\Git\TesteAutomação\TestCase\API\APITests.robot">
<test id="s1-t1" name="Cenario validar Status Code sucesso">
<kw name="Given Esteja conectado no webservice">
<kw name="Create Session" library="RequestsLibrary">
<doc>Create Session: create a HTTP session to a server</doc>
<arguments>
<arg>Api</arg>
<arg>http://5d9cc58566d00400145c9ed4.mockapi.io/shopping_cart</arg>
</arguments>
<msg timestamp="20191120 15:50:01.770" level="INFO">Creating Session using : alias=Api, url=http://5d9cc58566d00400145c9ed4.mockapi.io/shopping_cart, headers={},                     cookies={}, auth=None, timeout=None, proxies=None, verify=False,                     debug=0 </msg>
<status status="PASS" starttime="20191120 15:50:01.770" endtime="20191120 15:50:01.770"></status>
</kw>
<status status="PASS" starttime="20191120 15:50:01.770" endtime="20191120 15:50:01.770"></status>
</kw>
<kw name="When o usuário consultar o item id 1">
<kw name="Create Dictionary" library="BuiltIn">
<doc>Creates and returns a dictionary based on the given ``items``.</doc>
<assign>
<var>${headers}</var>
</assign>
<msg timestamp="20191120 15:50:01.776" level="INFO">${headers} = {}</msg>
<status status="PASS" starttime="20191120 15:50:01.775" endtime="20191120 15:50:01.776"></status>
</kw>
<kw name="Set To Dictionary" library="Collections">
<doc>Adds the given ``key_value_pairs`` and ``items`` to the ``dictionary``.</doc>
<arguments>
<arg>${headers}</arg>
<arg>Content-Type</arg>
<arg>application/json</arg>
</arguments>
<status status="PASS" starttime="20191120 15:50:01.776" endtime="20191120 15:50:01.776"></status>
</kw>
<kw name="Get Request" library="RequestsLibrary">
<doc>Send a GET request on the session object found using the
given `alias`</doc>
<arguments>
<arg>Api</arg>
<arg>/${id}</arg>
<arg>headers=${headers}</arg>
</arguments>
<assign>
<var>${RESPOSTA}</var>
</assign>
<msg timestamp="20191120 15:50:01.780" level="INFO">GET Request using : uri=/1, params=None, allow_redirects=True, timeout=None
headers={'User-Agent': 'python-requests/2.22.0', 'Accept-Encoding': 'gzip, deflate', 'Accept': '*/*', 'Connection': 'keep-alive', 'Content-Type': 'application/json'} 
data=None 
json=None</msg>
<msg timestamp="20191120 15:50:02.316" level="INFO">${RESPOSTA} = &lt;Response [200]&gt;</msg>
<status status="PASS" starttime="20191120 15:50:01.776" endtime="20191120 15:50:02.317"></status>
</kw>
<kw name="Log To Console" library="BuiltIn">
<doc>Logs the given message to the console.</doc>
<arguments>
<arg>Resposta: ${RESPOSTA.content}</arg>
</arguments>
<status status="PASS" starttime="20191120 15:50:02.318" endtime="20191120 15:50:02.320"></status>
</kw>
<kw name="Log" library="BuiltIn">
<doc>Logs the given message with the given level.</doc>
<arguments>
<arg>Resposta: ${RESPOSTA.text}</arg>
</arguments>
<msg timestamp="20191120 15:50:02.320" level="INFO">Resposta: {"id":"1","createdAt":"2019-11-09T18:25:04.019Z","name":"Alfonso Sipes","avatar":"https://s3.amazonaws.com/uifaces/faces/twitter/kevka/128.jpg"}</msg>
<status status="PASS" starttime="20191120 15:50:02.320" endtime="20191120 15:50:02.320"></status>
</kw>
<kw name="Set Global Variable" library="BuiltIn">
<doc>Makes a variable available globally in all tests and suites.</doc>
<arguments>
<arg>${RESPOSTA}</arg>
</arguments>
<msg timestamp="20191120 15:50:02.325" level="INFO">${RESPOSTA} = &lt;Response [200]&gt;</msg>
<status status="PASS" starttime="20191120 15:50:02.323" endtime="20191120 15:50:02.325"></status>
</kw>
<status status="PASS" starttime="20191120 15:50:01.775" endtime="20191120 15:50:02.325"></status>
</kw>
<kw name="Then Validar sucesso de retorno">
<kw name="Should Be Equal As Strings" library="BuiltIn">
<doc>Fails if objects are unequal after converting them to strings.</doc>
<arguments>
<arg>${RESPOSTA.status_code}</arg>
<arg>200</arg>
</arguments>
<msg timestamp="20191120 15:50:02.330" level="INFO">Argument types are:
&lt;class 'int'&gt;
&lt;type 'unicode'&gt;</msg>
<status status="PASS" starttime="20191120 15:50:02.329" endtime="20191120 15:50:02.330"></status>
</kw>
<status status="PASS" starttime="20191120 15:50:02.327" endtime="20191120 15:50:02.331"></status>
</kw>
<status status="PASS" starttime="20191120 15:50:01.766" endtime="20191120 15:50:02.332" critical="yes"></status>
</test>
<doc>Suite description</doc>
<status status="PASS" starttime="20191120 15:50:01.188" endtime="20191120 15:50:02.333"></status>
</suite>
<statistics>
<total>
<stat pass="1" fail="0">Critical Tests</stat>
<stat pass="1" fail="0">All Tests</stat>
</total>
<tag>
</tag>
<suite>
<stat pass="1" fail="0" id="s1" name="APITests">APITests</stat>
</suite>
</statistics>
<errors>
</errors>
</robot>
